<?xml version="1.0" encoding="UTF-8"?>
<!-- Generated by org.testng.reporters.JUnitXMLReporter -->
<testsuite ignored="0" hostname="Shlomi-Desktop" failures="0" tests="23" name="Default test" time="0.092" errors="0" timestamp="2021-03-22T13:03:51 IST">
  <testcase classname="tests.BaseTest" name="@BeforeTest setup" time="-1.616411031765E9">
    <failure type="org.testng.TestNGException" message="
Parameter &amp;apos;browser&amp;apos; is required by BeforeTest on method setup but has not been marked @Optional or defined
in C:\Users\Shlomi\AppData\Local\Temp\testng-eclipse-399102477\testng-customsuite.xml">
      <![CDATA[org.testng.TestNGException: 
Parameter 'browser' is required by BeforeTest on method setup but has not been marked @Optional or defined
in C:\Users\Shlomi\AppData\Local\Temp\testng-eclipse-399102477\testng-customsuite.xml
at org.testng.internal.Parameters.createParams(Parameters.java:272)
at org.testng.internal.Parameters.createParametersForMethod(Parameters.java:360)
at org.testng.internal.Parameters.createParameters(Parameters.java:704)
at org.testng.internal.Parameters.createConfigurationParameters(Parameters.java:166)
at org.testng.internal.ConfigInvoker.invokeConfigurations(ConfigInvoker.java:283)
at org.testng.TestRunner.invokeTestConfigurations(TestRunner.java:619)
at org.testng.TestRunner.beforeRun(TestRunner.java:609)
at org.testng.TestRunner.run(TestRunner.java:580)
at org.testng.SuiteRunner.runTest(SuiteRunner.java:384)
at org.testng.SuiteRunner.runSequentially(SuiteRunner.java:378)
at org.testng.SuiteRunner.privateRun(SuiteRunner.java:337)
at org.testng.SuiteRunner.run(SuiteRunner.java:286)
at org.testng.SuiteRunnerWorker.runSuite(SuiteRunnerWorker.java:53)
at org.testng.SuiteRunnerWorker.run(SuiteRunnerWorker.java:96)
at org.testng.TestNG.runSuitesSequentially(TestNG.java:1187)
at org.testng.TestNG.runSuitesLocally(TestNG.java:1109)
at org.testng.TestNG.runSuites(TestNG.java:1039)
at org.testng.TestNG.run(TestNG.java:1007)
at org.testng.remote.AbstractRemoteTestNG.run(AbstractRemoteTestNG.java:115)
at org.testng.remote.RemoteTestNG.initAndRun(RemoteTestNG.java:251)
at org.testng.remote.RemoteTestNG.main(RemoteTestNG.java:77)
]]>
    </failure>
  </testcase> <!-- @BeforeTest setup -->
  <testcase classname="tests.BaseTest" name="@AfterTest close" time="0.002">
    <failure type="java.lang.NullPointerException">
      <![CDATA[java.lang.NullPointerException
at tests.BaseTest.close(tests.BaseTest.java:51)
at java.base/jdk.internal.reflect.NativeMethodAccessorImpl.invoke0(Native Method)
at java.base/jdk.internal.reflect.NativeMethodAccessorImpl.invoke(NativeMethodAccessorImpl.java:62)
at java.base/jdk.internal.reflect.DelegatingMethodAccessorImpl.invoke(DelegatingMethodAccessorImpl.java:43)
at java.base/java.lang.reflect.Method.invoke(Method.java:567)
at org.testng.internal.MethodInvocationHelper.invokeMethod(MethodInvocationHelper.java:134)
at org.testng.internal.MethodInvocationHelper.invokeMethodConsideringTimeout(MethodInvocationHelper.java:63)
at org.testng.internal.ConfigInvoker.invokeConfigurationMethod(ConfigInvoker.java:348)
at org.testng.internal.ConfigInvoker.invokeConfigurations(ConfigInvoker.java:302)
at org.testng.TestRunner.invokeTestConfigurations(TestRunner.java:619)
at org.testng.TestRunner.afterRun(TestRunner.java:849)
at org.testng.TestRunner.run(TestRunner.java:590)
at org.testng.SuiteRunner.runTest(SuiteRunner.java:384)
at org.testng.SuiteRunner.runSequentially(SuiteRunner.java:378)
at org.testng.SuiteRunner.privateRun(SuiteRunner.java:337)
at org.testng.SuiteRunner.run(SuiteRunner.java:286)
at org.testng.SuiteRunnerWorker.runSuite(SuiteRunnerWorker.java:53)
at org.testng.SuiteRunnerWorker.run(SuiteRunnerWorker.java:96)
at org.testng.TestNG.runSuitesSequentially(TestNG.java:1187)
at org.testng.TestNG.runSuitesLocally(TestNG.java:1109)
at org.testng.TestNG.runSuites(TestNG.java:1039)
at org.testng.TestNG.run(TestNG.java:1007)
at org.testng.remote.AbstractRemoteTestNG.run(AbstractRemoteTestNG.java:115)
at org.testng.remote.RemoteTestNG.initAndRun(RemoteTestNG.java:251)
at org.testng.remote.RemoteTestNG.main(RemoteTestNG.java:77)
]]>
    </failure>
  </testcase> <!-- @AfterTest close -->
  <testcase classname="tests.MainRunner" name="upFooterOpenWebSite" time="0.0">
    <skipped/>
  </testcase> <!-- upFooterOpenWebSite -->
  <testcase classname="tests.MainRunner" name="upFooterXButton" time="0.0">
    <skipped/>
  </testcase> <!-- upFooterXButton -->
  <testcase classname="tests.MainRunner" name="upFooterHamburgerButton" time="0.0">
    <skipped/>
  </testcase> <!-- upFooterHamburgerButton -->
  <testcase classname="tests.MainRunner" name="upFooterClickOnB144Link" time="0.0">
    <skipped/>
  </testcase> <!-- upFooterClickOnB144Link -->
  <testcase classname="tests.MainRunner" name="compareTextAtDropDownMenu" time="0.0">
    <skipped/>
  </testcase> <!-- compareTextAtDropDownMenu -->
  <testcase classname="tests.MainRunner" name="compareTextColorAtDropDownMenu" time="0.0">
    <skipped/>
  </testcase> <!-- compareTextColorAtDropDownMenu -->
  <testcase classname="tests.MainRunner" name="testLoginPagesforPrivateAndBusiness" time="0.0">
    <skipped/>
  </testcase> <!-- testLoginPagesforPrivateAndBusiness -->
  <testcase classname="tests.MainRunner" name="testAccessabilityMenu" time="0.0">
    <skipped/>
  </testcase> <!-- testAccessabilityMenu -->
  <testcase classname="tests.MainRunner" name="testBusinssTabIsDefaultSelected" time="0.0">
    <skipped/>
  </testcase> <!-- testBusinssTabIsDefaultSelected -->
  <testcase classname="tests.MainRunner" name="testBusinssTabIcon" time="0.0">
    <skipped/>
  </testcase> <!-- testBusinssTabIcon -->
  <testcase classname="tests.MainRunner" name="testBusinssTabTextColor" time="0.0">
    <skipped/>
  </testcase> <!-- testBusinssTabTextColor -->
  <testcase classname="tests.MainRunner" name="testBusinssTabColorWhenUnselected" time="0.0">
    <skipped/>
  </testcase> <!-- testBusinssTabColorWhenUnselected -->
  <testcase classname="tests.MainRunner" name="testMapsHeaderTextTopRight" time="0.0">
    <skipped/>
  </testcase> <!-- testMapsHeaderTextTopRight -->
  <testcase classname="tests.MainRunner" name="countCardsAtMapPage" time="0.0">
    <skipped/>
  </testcase> <!-- countCardsAtMapPage -->
  <testcase classname="tests.MainRunner" name="testThatCardsHaveNumbers" time="0.0">
    <skipped/>
  </testcase> <!-- testThatCardsHaveNumbers -->
  <testcase classname="tests.MainRunner" name="testColorOfTicketNumber" time="0.0">
    <skipped/>
  </testcase> <!-- testColorOfTicketNumber -->
  <testcase classname="tests.MainRunner" name="testColorOfNumberAtTicketThatNotTheSameAsBackground" time="0.0">
    <skipped/>
  </testcase> <!-- testColorOfNumberAtTicketThatNotTheSameAsBackground -->
  <testcase classname="tests.MainRunner" name="testClickOnNumberLeadToBusinessPage" time="0.0">
    <skipped/>
  </testcase> <!-- testClickOnNumberLeadToBusinessPage -->
  <testcase classname="tests.MainRunner" name="testThatEachCardHasTitle" time="0.0">
    <skipped/>
  </testcase> <!-- testThatEachCardHasTitle -->
  <testcase classname="tests.MainRunner" name="testThatEachCardTitleIsWhite" time="0.0">
    <skipped/>
  </testcase> <!-- testThatEachCardTitleIsWhite -->
  <testcase classname="tests.MainRunner" name="testHamburgerMenuAtZipPage" time="0.0">
    <skipped/>
  </testcase> <!-- testHamburgerMenuAtZipPage -->
  <testcase classname="tests.MainRunner" name="testSearchAtZipPage" time="0.0">
    <skipped/>
  </testcase> <!-- testSearchAtZipPage -->
  <testcase classname="tests.MainRunner" name="testSearchOfBusiness" time="0.0">
    <skipped/>
  </testcase> <!-- testSearchOfBusiness -->
</testsuite> <!-- Default test -->
