<?xml version="1.0" encoding="UTF-8"?>
<!-- Generated by org.testng.reporters.JUnitXMLReporter -->
<testsuite ignored="19" hostname="Shlomi-Desktop" failures="1" tests="4" name="Zip up footer" time="19.645" errors="0" timestamp="2021-05-23T21:20:56 IDT">
  <testcase classname="tests.MainRunner" name="upFooterOpenWebSite" time="2.464"/>
  <testcase classname="tests.MainRunner" name="testHamburgerMenuAtZipPage" time="10.74">
    <failure type="org.openqa.selenium.TimeoutException" message="Expected condition failed: waiting for element to be clickable: By.cssSelector: .hamburger-boxsssssssss (tried for 10 second(s) with 500 milliseconds interval)">
        <![CDATA[org.openqa.selenium.TimeoutException: Expected condition failed: waiting for element to be clickable: By.cssSelector: .hamburger-boxsssssssss (tried for 10 second(s) with 500 milliseconds interval)
at org.openqa.selenium.support.ui.WebDriverWait.timeoutException(WebDriverWait.java:95)
at org.openqa.selenium.support.ui.FluentWait.until(FluentWait.java:272)
at utilities.BaseFunctions.waitForElementToBeClickable(BasePage.java:102)
at pages.CountryChoose.changeHamburgerMenuUponOpeningToX(ZipMainPage.java:79)
at tests.MainRunner.testHamburgerMenuAtZipPage(MainRunner.java:133)
at java.base/java.util.ArrayList.forEach(ArrayList.java:1540)
Caused by: org.openqa.selenium.NoSuchElementException: no such element: Unable to locate element: {"method":"css selector","selector":".hamburger-boxsssssssss"}
  (Session info: chrome=90.0.4430.212)
For documentation on this error, please visit: https://www.seleniumhq.org/exceptions/no_such_element.html
Build info: version: '3.141.59', revision: 'e82be7d358', time: '2018-11-14T08:17:03'
System info: host: 'SHLOMI-DESKTOP', ip: '172.19.144.1', os.name: 'Windows 10', os.arch: 'amd64', os.version: '10.0', java.version: '12.0.2'
Driver info: org.openqa.selenium.chrome.ChromeDriver
Capabilities {acceptInsecureCerts: false, browserName: chrome, browserVersion: 90.0.4430.212, chrome: {chromedriverVersion: 90.0.4430.24 (4c6d850f087da..., userDataDir: C:\Users\Shlomi\AppData\Loc...}, goog:chromeOptions: {debuggerAddress: localhost:55397}, javascriptEnabled: true, networkConnectionEnabled: false, pageLoadStrategy: normal, platform: WINDOWS, platformName: WINDOWS, proxy: Proxy(), setWindowRect: true, strictFileInteractability: false, timeouts: {implicit: 0, pageLoad: 300000, script: 30000}, unhandledPromptBehavior: dismiss and notify, webauthn:extension:largeBlob: true, webauthn:virtualAuthenticators: true}
Session ID: 63baeb5be1ddb1a06b9e34875d76a3b7
*** Element info: {Using=css selector, value=.hamburger-boxsssssssss}
at org.openqa.selenium.remote.http.W3CHttpResponseCodec.createException(W3CHttpResponseCodec.java:187)
at org.openqa.selenium.remote.http.W3CHttpResponseCodec.decode(W3CHttpResponseCodec.java:122)
at org.openqa.selenium.remote.http.W3CHttpResponseCodec.decode(W3CHttpResponseCodec.java:49)
at org.openqa.selenium.remote.HttpCommandExecutor.execute(HttpCommandExecutor.java:158)
at org.openqa.selenium.remote.service.DriverCommandExecutor.execute(DriverCommandExecutor.java:83)
at org.openqa.selenium.remote.RemoteWebDriver.execute(RemoteWebDriver.java:552)
at org.openqa.selenium.remote.RemoteWebDriver.findElement(RemoteWebDriver.java:323)
at org.openqa.selenium.remote.RemoteWebDriver.findElementByCssSelector(RemoteWebDriver.java:420)
at org.openqa.selenium.By$ByCssSelector.findElement(By.java:431)
at org.openqa.selenium.remote.RemoteWebDriver.findElement(RemoteWebDriver.java:315)
at org.openqa.selenium.support.ui.ExpectedConditions$7.apply(ExpectedConditions.java:205)
at org.openqa.selenium.support.ui.ExpectedConditions$7.apply(ExpectedConditions.java:201)
at org.openqa.selenium.support.ui.ExpectedConditions$22.apply(ExpectedConditions.java:641)
at org.openqa.selenium.support.ui.ExpectedConditions$22.apply(ExpectedConditions.java:638)
at org.openqa.selenium.support.ui.FluentWait.until(FluentWait.java:249)
... 31 more
... Removed 31 stack frames]]>
    </failure>
  </testcase> <!-- testHamburgerMenuAtZipPage -->
  <testcase classname="tests.MainRunner" name="testSearchAtZipPage" time="0.322"/>
  <testcase classname="tests.MainRunner" name="testSearchOfBusiness" time="2.93"/>
  <testcase classname="tests.MainRunner" name="upFooterXButton" time="0.0">
    <ignored/>
  </testcase> <!-- upFooterXButton -->
  <testcase classname="tests.MainRunner" name="testColorOfNumberAtTicketThatNotTheSameAsBackground" time="0.0">
    <ignored/>
  </testcase> <!-- testColorOfNumberAtTicketThatNotTheSameAsBackground -->
  <testcase classname="tests.MainRunner" name="countCardsAtMapPage" time="0.0">
    <ignored/>
  </testcase> <!-- countCardsAtMapPage -->
  <testcase classname="tests.MainRunner" name="compareTextColorAtDropDownMenu" time="0.0">
    <ignored/>
  </testcase> <!-- compareTextColorAtDropDownMenu -->
  <testcase classname="tests.MainRunner" name="compareTextAtDropDownMenu" time="0.0">
    <ignored/>
  </testcase> <!-- compareTextAtDropDownMenu -->
  <testcase classname="tests.MainRunner" name="testColorOfTicketNumber" time="0.0">
    <ignored/>
  </testcase> <!-- testColorOfTicketNumber -->
  <testcase classname="tests.MainRunner" name="testBusinssTabIcon" time="0.0">
    <ignored/>
  </testcase> <!-- testBusinssTabIcon -->
  <testcase classname="tests.MainRunner" name="testBusinssTabTextColor" time="0.0">
    <ignored/>
  </testcase> <!-- testBusinssTabTextColor -->
  <testcase classname="tests.MainRunner" name="testMapsHeaderTextTopRight" time="0.0">
    <ignored/>
  </testcase> <!-- testMapsHeaderTextTopRight -->
  <testcase classname="tests.MainRunner" name="upFooterHamburgerButton" time="0.0">
    <ignored/>
  </testcase> <!-- upFooterHamburgerButton -->
  <testcase classname="tests.MainRunner" name="testThatCardsHaveNumbers" time="0.0">
    <ignored/>
  </testcase> <!-- testThatCardsHaveNumbers -->
  <testcase classname="tests.MainRunner" name="testThatEachCardTitleIsWhite" time="0.0">
    <ignored/>
  </testcase> <!-- testThatEachCardTitleIsWhite -->
  <testcase classname="tests.MainRunner" name="testBusinssTabIsDefaultSelected" time="0.0">
    <ignored/>
  </testcase> <!-- testBusinssTabIsDefaultSelected -->
  <testcase classname="tests.MainRunner" name="upFooterClickOnB144Link" time="0.0">
    <ignored/>
  </testcase> <!-- upFooterClickOnB144Link -->
  <testcase classname="tests.MainRunner" name="testThatEachCardHasTitle" time="0.0">
    <ignored/>
  </testcase> <!-- testThatEachCardHasTitle -->
  <testcase classname="tests.MainRunner" name="testLoginPagesforPrivateAndBusiness" time="0.0">
    <ignored/>
  </testcase> <!-- testLoginPagesforPrivateAndBusiness -->
  <testcase classname="tests.MainRunner" name="testClickOnNumberLeadToBusinessPage" time="0.0">
    <ignored/>
  </testcase> <!-- testClickOnNumberLeadToBusinessPage -->
  <testcase classname="tests.MainRunner" name="testAccessabilityMenu" time="0.0">
    <ignored/>
  </testcase> <!-- testAccessabilityMenu -->
  <testcase classname="tests.MainRunner" name="testBusinssTabColorWhenUnselected" time="0.0">
    <ignored/>
  </testcase> <!-- testBusinssTabColorWhenUnselected -->
</testsuite> <!-- Zip up footer -->
