<?xml version="1.0" encoding="UTF-8"?>
<testng-results ignored="19" total="23" passed="3" failed="1" skipped="0">
  <reporter-output>
  </reporter-output>
  <suite started-at="2021-05-23T21:20:36 IDT" name="Suite" finished-at="2021-05-23T21:20:56 IDT" duration-ms="19645">
    <groups>
      <group name="zip">
        <method signature="MainRunner.testHamburgerMenuAtZipPage()[pri:22, instance:tests.MainRunner@2bfc268b]" name="testHamburgerMenuAtZipPage" class="tests.MainRunner"/>
        <method signature="MainRunner.testSearchAtZipPage()[pri:23, instance:tests.MainRunner@2bfc268b]" name="testSearchAtZipPage" class="tests.MainRunner"/>
        <method signature="MainRunner.testSearchOfBusiness()[pri:24, instance:tests.MainRunner@2bfc268b]" name="testSearchOfBusiness" class="tests.MainRunner"/>
      </group> <!-- zip -->
      <group name="search for a business">
        <method signature="MainRunner.testSearchOfBusiness()[pri:24, instance:tests.MainRunner@2bfc268b]" name="testSearchOfBusiness" class="tests.MainRunner"/>
      </group> <!-- search for a business -->
      <group name="Open Web Site test">
        <method signature="MainRunner.upFooterOpenWebSite()[pri:1, instance:tests.MainRunner@2bfc268b]" name="upFooterOpenWebSite" class="tests.MainRunner"/>
      </group> <!-- Open Web Site test -->
      <group name="zip page up footer and registration">
        <method signature="MainRunner.testHamburgerMenuAtZipPage()[pri:22, instance:tests.MainRunner@2bfc268b]" name="testHamburgerMenuAtZipPage" class="tests.MainRunner"/>
      </group> <!-- zip page up footer and registration -->
      <group name="zip page search">
        <method signature="MainRunner.testSearchAtZipPage()[pri:23, instance:tests.MainRunner@2bfc268b]" name="testSearchAtZipPage" class="tests.MainRunner"/>
      </group> <!-- zip page search -->
    </groups>
    <test started-at="2021-05-23T21:20:36 IDT" name="Zip up footer" finished-at="2021-05-23T21:20:56 IDT" duration-ms="19645">
      <class name="tests.MainRunner">
        <test-method is-config="true" signature="setup(java.lang.String, org.testng.ITestContext)[pri:0, instance:tests.MainRunner@2bfc268b]" started-at="2021-05-23T21:20:36 IDT" name="setup" finished-at="2021-05-23T21:20:38 IDT" duration-ms="2085" status="PASS">
          <params>
            <param index="0">
              <value>
                <![CDATA[chrome]]>
              </value>
            </param>
            <param index="1">
              <value>
                <![CDATA[org.testng.TestRunner@39f5b723]]>
              </value>
            </param>
          </params>
          <reporter-output>
          </reporter-output>
        </test-method> <!-- setup -->
        <test-method signature="upFooterOpenWebSite()[pri:1, instance:tests.MainRunner@2bfc268b]" started-at="2021-05-23T21:20:38 IDT" name="upFooterOpenWebSite" description="Open the web site test" finished-at="2021-05-23T21:20:41 IDT" duration-ms="2464" status="PASS">
          <reporter-output>
          </reporter-output>
        </test-method> <!-- upFooterOpenWebSite -->
        <test-method signature="testHamburgerMenuAtZipPage()[pri:22, instance:tests.MainRunner@2bfc268b]" started-at="2021-05-23T21:20:41 IDT" name="testHamburgerMenuAtZipPage" description="test the hamburger menu and the registration proccess" finished-at="2021-05-23T21:20:51 IDT" duration-ms="10740" status="FAIL">
          <exception class="org.openqa.selenium.TimeoutException">
            <message>
              <![CDATA[Expected condition failed: waiting for element to be clickable: By.cssSelector: .hamburger-boxsssssssss (tried for 10 second(s) with 500 milliseconds interval)]]>
            </message>
            <full-stacktrace>
                <![CDATA[org.openqa.selenium.TimeoutException: Expected condition failed: waiting for element to be clickable: By.cssSelector: .hamburger-boxsssssssss (tried for 10 second(s) with 500 milliseconds interval)
at org.openqa.selenium.support.ui.WebDriverWait.timeoutException(WebDriverWait.java:95)
at org.openqa.selenium.support.ui.FluentWait.until(FluentWait.java:272)
at utilities.BaseFunctions.waitForElementToBeClickable(BasePage.java:102)
at pages.CountryChoose.changeHamburgerMenuUponOpeningToX(ZipMainPage.java:79)
at tests.MainRunner.testHamburgerMenuAtZipPage(MainRunner.java:133)
at java.base/jdk.internal.reflect.NativeMethodAccessorImpl.invoke0(Native Method)
at java.base/jdk.internal.reflect.NativeMethodAccessorImpl.invoke(NativeMethodAccessorImpl.java:62)
at java.base/jdk.internal.reflect.DelegatingMethodAccessorImpl.invoke(DelegatingMethodAccessorImpl.java:43)
at java.base/java.lang.reflect.Method.invoke(Method.java:567)
at org.testng.internal.MethodInvocationHelper.invokeMethod(MethodInvocationHelper.java:134)
at org.testng.internal.TestInvoker.invokeMethod(TestInvoker.java:597)
at org.testng.internal.TestInvoker.invokeTestMethod(TestInvoker.java:173)
at org.testng.internal.MethodRunner.runInSequence(MethodRunner.java:46)
at org.testng.internal.TestInvoker$MethodInvocationAgent.invoke(TestInvoker.java:816)
at org.testng.internal.TestInvoker.invokeTestMethods(TestInvoker.java:146)
at org.testng.internal.TestMethodWorker.invokeTestMethods(TestMethodWorker.java:146)
at org.testng.internal.TestMethodWorker.run(TestMethodWorker.java:128)
at java.base/java.util.ArrayList.forEach(ArrayList.java:1540)
at org.testng.TestRunner.privateRun(TestRunner.java:766)
at org.testng.TestRunner.run(TestRunner.java:587)
at org.testng.SuiteRunner.runTest(SuiteRunner.java:384)
at org.testng.SuiteRunner.runSequentially(SuiteRunner.java:378)
at org.testng.SuiteRunner.privateRun(SuiteRunner.java:337)
at org.testng.SuiteRunner.run(SuiteRunner.java:286)
at org.testng.SuiteRunnerWorker.runSuite(SuiteRunnerWorker.java:53)
at org.testng.SuiteRunnerWorker.run(SuiteRunnerWorker.java:96)
at org.testng.TestNG.runSuitesSequentially(TestNG.java:1187)
at org.testng.TestNG.runSuitesLocally(TestNG.java:1109)
at org.testng.TestNG.runSuites(TestNG.java:1039)
at org.testng.TestNG.run(TestNG.java:1007)
at org.testng.remote.AbstractRemoteTestNG.run(AbstractRemoteTestNG.java:115)
at org.testng.remote.RemoteTestNG.initAndRun(RemoteTestNG.java:251)
at org.testng.remote.RemoteTestNG.main(RemoteTestNG.java:77)
Caused by: org.openqa.selenium.NoSuchElementException: no such element: Unable to locate element: {"method":"css selector","selector":".hamburger-boxsssssssss"}
  (Session info: chrome=90.0.4430.212)
For documentation on this error, please visit: https://www.seleniumhq.org/exceptions/no_such_element.html
Build info: version: '3.141.59', revision: 'e82be7d358', time: '2018-11-14T08:17:03'
System info: host: 'SHLOMI-DESKTOP', ip: '172.19.144.1', os.name: 'Windows 10', os.arch: 'amd64', os.version: '10.0', java.version: '12.0.2'
Driver info: org.openqa.selenium.chrome.ChromeDriver
Capabilities {acceptInsecureCerts: false, browserName: chrome, browserVersion: 90.0.4430.212, chrome: {chromedriverVersion: 90.0.4430.24 (4c6d850f087da..., userDataDir: C:\Users\Shlomi\AppData\Loc...}, goog:chromeOptions: {debuggerAddress: localhost:55397}, javascriptEnabled: true, networkConnectionEnabled: false, pageLoadStrategy: normal, platform: WINDOWS, platformName: WINDOWS, proxy: Proxy(), setWindowRect: true, strictFileInteractability: false, timeouts: {implicit: 0, pageLoad: 300000, script: 30000}, unhandledPromptBehavior: dismiss and notify, webauthn:extension:largeBlob: true, webauthn:virtualAuthenticators: true}
Session ID: 63baeb5be1ddb1a06b9e34875d76a3b7
*** Element info: {Using=css selector, value=.hamburger-boxsssssssss}
at jdk.internal.reflect.GeneratedConstructorAccessor12.newInstance(Unknown Source)
at java.base/jdk.internal.reflect.DelegatingConstructorAccessorImpl.newInstance(DelegatingConstructorAccessorImpl.java:45)
at java.base/java.lang.reflect.Constructor.newInstanceWithCaller(Constructor.java:500)
at java.base/java.lang.reflect.Constructor.newInstance(Constructor.java:481)
at org.openqa.selenium.remote.http.W3CHttpResponseCodec.createException(W3CHttpResponseCodec.java:187)
at org.openqa.selenium.remote.http.W3CHttpResponseCodec.decode(W3CHttpResponseCodec.java:122)
at org.openqa.selenium.remote.http.W3CHttpResponseCodec.decode(W3CHttpResponseCodec.java:49)
at org.openqa.selenium.remote.HttpCommandExecutor.execute(HttpCommandExecutor.java:158)
at org.openqa.selenium.remote.service.DriverCommandExecutor.execute(DriverCommandExecutor.java:83)
at org.openqa.selenium.remote.RemoteWebDriver.execute(RemoteWebDriver.java:552)
at org.openqa.selenium.remote.RemoteWebDriver.findElement(RemoteWebDriver.java:323)
at org.openqa.selenium.remote.RemoteWebDriver.findElementByCssSelector(RemoteWebDriver.java:420)
at org.openqa.selenium.By$ByCssSelector.findElement(By.java:431)
at org.openqa.selenium.remote.RemoteWebDriver.findElement(RemoteWebDriver.java:315)
at org.openqa.selenium.support.ui.ExpectedConditions$7.apply(ExpectedConditions.java:205)
at org.openqa.selenium.support.ui.ExpectedConditions$7.apply(ExpectedConditions.java:201)
at org.openqa.selenium.support.ui.ExpectedConditions$22.apply(ExpectedConditions.java:641)
at org.openqa.selenium.support.ui.ExpectedConditions$22.apply(ExpectedConditions.java:638)
at org.openqa.selenium.support.ui.FluentWait.until(FluentWait.java:249)
... 31 more
]]>
            </full-stacktrace>
          </exception> <!-- org.openqa.selenium.TimeoutException -->
          <reporter-output>
          </reporter-output>
        </test-method> <!-- testHamburgerMenuAtZipPage -->
        <test-method signature="testSearchAtZipPage()[pri:23, instance:tests.MainRunner@2bfc268b]" started-at="2021-05-23T21:20:52 IDT" name="testSearchAtZipPage" description="test the search proccess" finished-at="2021-05-23T21:20:52 IDT" duration-ms="322" status="PASS">
          <reporter-output>
          </reporter-output>
        </test-method> <!-- testSearchAtZipPage -->
        <test-method signature="testSearchOfBusiness()[pri:24, instance:tests.MainRunner@2bfc268b]" started-at="2021-05-23T21:20:52 IDT" name="testSearchOfBusiness" description="test the search of business" finished-at="2021-05-23T21:20:55 IDT" duration-ms="2930" status="PASS">
          <reporter-output>
          </reporter-output>
        </test-method> <!-- testSearchOfBusiness -->
        <test-method is-config="true" signature="close()[pri:0, instance:tests.MainRunner@2bfc268b]" started-at="2021-05-23T21:20:55 IDT" name="close" finished-at="2021-05-23T21:20:56 IDT" duration-ms="651" status="PASS">
          <reporter-output>
          </reporter-output>
        </test-method> <!-- close -->
      </class> <!-- tests.MainRunner -->
    </test> <!-- Zip up footer -->
  </suite> <!-- Suite -->
</testng-results>
